<?xml version="1.0" encoding="UTF-8"?>
<testng-results ignored="0" total="1" passed="1" failed="0" skipped="0">
  <reporter-output>
  </reporter-output>
  <suite started-at="2023-04-20T12:25:29 IST" name="Suite" finished-at="2023-04-20T12:25:50 IST" duration-ms="21809">
    <groups>
    </groups>
    <test started-at="2023-04-20T12:25:29 IST" name="Test" finished-at="2023-04-20T12:25:50 IST" duration-ms="21809">
      <class name="tests2.testLoginWithPageFactory">
        <test-method is-config="true" signature="setup()[pri:0, instance:tests2.testLoginWithPageFactory@27462a88]" started-at="2023-04-20T12:25:29 IST" name="setup" finished-at="2023-04-20T12:25:39 IST" duration-ms="9920" status="PASS">
          <reporter-output>
          </reporter-output>
        </test-method> <!-- setup -->
        <test-method signature="test_Home_Page_Appear_Correct()[pri:0, instance:tests2.testLoginWithPageFactory@27462a88]" started-at="2023-04-20T12:25:39 IST" name="test_Home_Page_Appear_Correct" finished-at="2023-04-20T12:25:50 IST" duration-ms="11816" status="PASS">
          <reporter-output>
          </reporter-output>
        </test-method> <!-- test_Home_Page_Appear_Correct -->
      </class> <!-- tests2.testLoginWithPageFactory -->
    </test> <!-- Test -->
  </suite> <!-- Suite -->
</testng-results>
