<?xml version="1.0" encoding="UTF-8"?>
<testng-results ignored="0" total="1" passed="1" failed="0" skipped="0">
  <reporter-output>
  </reporter-output>
  <suite started-at="2023-04-20T12:23:58 IST" name="Suite" finished-at="2023-04-20T12:24:31 IST" duration-ms="32692">
    <groups>
    </groups>
    <test started-at="2023-04-20T12:23:58 IST" name="Test" finished-at="2023-04-20T12:24:31 IST" duration-ms="32692">
      <class name="tests2.testLoginWithPageFactory">
        <test-method is-config="true" signature="setup()[pri:0, instance:tests2.testLoginWithPageFactory@58d75e99]" started-at="2023-04-20T12:23:58 IST" name="setup" finished-at="2023-04-20T12:24:14 IST" duration-ms="15631" status="PASS">
          <reporter-output>
          </reporter-output>
        </test-method> <!-- setup -->
        <test-method signature="test_Home_Page_Appear_Correct()[pri:0, instance:tests2.testLoginWithPageFactory@58d75e99]" started-at="2023-04-20T12:24:14 IST" name="test_Home_Page_Appear_Correct" finished-at="2023-04-20T12:24:31 IST" duration-ms="16988" status="PASS">
          <reporter-output>
          </reporter-output>
        </test-method> <!-- test_Home_Page_Appear_Correct -->
      </class> <!-- tests2.testLoginWithPageFactory -->
    </test> <!-- Test -->
  </suite> <!-- Suite -->
</testng-results>
